2023-04-24 14:30:10.247  INFO 23236 --- [restartedMain] l.m.community.CommunityApplication       : Starting CommunityApplication on LAPTOP-S8HHMNTR with PID 23236 (D:\javaProject\MyCode\community\target\classes started by CHENN in D:\javaProject\MyCode\community)
2023-04-24 14:30:10.255  INFO 23236 --- [restartedMain] l.m.community.CommunityApplication       : No active profile set, falling back to default profiles: default
2023-04-24 14:30:10.288  INFO 23236 --- [restartedMain] .e.DevToolsPropertyDefaultsPostProcessor : Devtools property defaults active! Set 'spring.devtools.add-properties' to 'false' to disable
2023-04-24 14:30:10.288  INFO 23236 --- [restartedMain] .e.DevToolsPropertyDefaultsPostProcessor : For additional web related logging consider setting the 'logging.level.web' property to 'DEBUG'
2023-04-24 14:30:10.995  INFO 23236 --- [restartedMain] trationDelegate$BeanPostProcessorChecker : Bean 'listenerAsyncConfiguration' of type [life.majiang.community.listener.ListenerAsyncConfiguration$$EnhancerBySpringCGLIB$$2b9fd658] is not eligible for getting processed by all BeanPostProcessors (for example: not eligible for auto-proxying)
2023-04-24 14:30:11.291  INFO 23236 --- [restartedMain] o.s.b.w.embedded.tomcat.TomcatWebServer  : Tomcat initialized with port(s): 8887 (http)
2023-04-24 14:30:11.309  INFO 23236 --- [restartedMain] o.apache.catalina.core.StandardService   : Starting service [Tomcat]
2023-04-24 14:30:11.309  INFO 23236 --- [restartedMain] org.apache.catalina.core.StandardEngine  : Starting Servlet engine: [Apache Tomcat/9.0.17]
2023-04-24 14:30:11.399  INFO 23236 --- [restartedMain] o.a.c.c.C.[Tomcat].[localhost].[/]       : Initializing Spring embedded WebApplicationContext
2023-04-24 14:30:11.400  INFO 23236 --- [restartedMain] o.s.web.context.ContextLoader            : Root WebApplicationContext: initialization completed in 1111 ms
2023-04-24 14:30:11.829  INFO 23236 --- [restartedMain] o.s.s.concurrent.ThreadPoolTaskExecutor  : Initializing ExecutorService 'applicationTaskExecutor'
2023-04-24 14:30:11.917  INFO 23236 --- [restartedMain] o.s.b.a.w.s.WelcomePageHandlerMapping    : Adding welcome page template: index
2023-04-24 14:30:11.991  INFO 23236 --- [restartedMain] o.s.s.c.ThreadPoolTaskScheduler          : Initializing ExecutorService 'taskScheduler'
2023-04-24 14:30:12.272  INFO 23236 --- [restartedMain] o.s.b.d.a.OptionalLiveReloadServer       : LiveReload server is running on port 35729
2023-04-24 14:30:12.287  INFO 23236 --- [scheduling-1] l.m.community.schedule.AvatarFixTasks    : fixUserAvatar start Mon Apr 24 14:30:12 CST 2023
2023-04-24 14:30:12.305  INFO 23236 --- [restartedMain] o.s.b.w.embedded.tomcat.TomcatWebServer  : Tomcat started on port(s): 8887 (http) with context path ''
2023-04-24 14:30:12.308  INFO 23236 --- [restartedMain] l.m.community.CommunityApplication       : Started CommunityApplication in 2.3 seconds (JVM running for 3.197)
2023-04-24 14:30:12.311  INFO 23236 --- [scheduling-1] com.zaxxer.hikari.HikariDataSource       : HikariPool-1 - Starting...
2023-04-24 14:30:12.403  INFO 23236 --- [scheduling-1] com.zaxxer.hikari.HikariDataSource       : HikariPool-1 - Start completed.
2023-04-24 14:30:12.432  INFO 23236 --- [scheduling-1] l.m.community.schedule.AvatarFixTasks    : fixUserAvatar stop Mon Apr 24 14:30:12 CST 2023
2023-04-24 14:30:12.432  INFO 23236 --- [scheduling-1] l.m.community.schedule.HotTagTasks       : hotTagSchedule start Mon Apr 24 14:30:12 CST 2023
2023-04-24 14:30:12.439  INFO 23236 --- [scheduling-1] l.m.community.schedule.HotTagTasks       : hotTagSchedule stop Mon Apr 24 14:30:12 CST 2023
2023-04-24 14:30:34.096  INFO 23236 --- [http-nio-8887-exec-1] o.a.c.c.C.[Tomcat].[localhost].[/]       : Initializing Spring DispatcherServlet 'dispatcherServlet'
2023-04-24 14:30:34.096  INFO 23236 --- [http-nio-8887-exec-1] o.s.web.servlet.DispatcherServlet        : Initializing Servlet 'dispatcherServlet'
2023-04-24 14:30:34.103  INFO 23236 --- [http-nio-8887-exec-1] o.s.web.servlet.DispatcherServlet        : Completed initialization in 7 ms
2023-04-24 14:30:34.462  WARN 23236 --- [http-nio-8887-exec-1] o.a.c.util.SessionIdGeneratorBase        : Creation of SecureRandom instance for session ID generation using [SHA1PRNG] took [313] milliseconds.
2023-04-24 14:31:07.619  INFO 23236 --- [Thread-8] o.s.s.c.ThreadPoolTaskScheduler          : Shutting down ExecutorService 'taskScheduler'
2023-04-24 14:31:07.620  INFO 23236 --- [Thread-8] o.s.s.concurrent.ThreadPoolTaskExecutor  : Shutting down ExecutorService 'applicationTaskExecutor'
2023-04-24 14:31:07.622  INFO 23236 --- [Thread-8] com.zaxxer.hikari.HikariDataSource       : HikariPool-1 - Shutdown initiated...
2023-04-24 14:31:07.631  INFO 23236 --- [Thread-8] com.zaxxer.hikari.HikariDataSource       : HikariPool-1 - Shutdown completed.
2023-04-24 21:01:13.177  INFO 15920 --- [restartedMain] c.e.mycommunity.MycommunityApplication   : Starting MycommunityApplication using Java 11.0.15.1 on LAPTOP-S8HHMNTR with PID 15920 (D:\javaProject\MyCode\mycommunity\target\classes started by CHENN in D:\javaProject\MyCode\mycommunity)
2023-04-24 21:01:13.180  INFO 15920 --- [restartedMain] c.e.mycommunity.MycommunityApplication   : No active profile set, falling back to 1 default profile: "default"
2023-04-24 21:01:13.208  INFO 15920 --- [restartedMain] .e.DevToolsPropertyDefaultsPostProcessor : Devtools property defaults active! Set 'spring.devtools.add-properties' to 'false' to disable
2023-04-24 21:01:13.210  INFO 15920 --- [restartedMain] .e.DevToolsPropertyDefaultsPostProcessor : For additional web related logging consider setting the 'logging.level.web' property to 'DEBUG'
2023-04-24 21:01:13.599  WARN 15920 --- [restartedMain] o.m.s.mapper.ClassPathMapperScanner      : No MyBatis mapper was found in '[com.example.mycommunity]' package. Please check your configuration.
2023-04-24 21:01:13.964  INFO 15920 --- [restartedMain] o.s.b.w.embedded.tomcat.TomcatWebServer  : Tomcat initialized with port(s): 8887 (http)
2023-04-24 21:01:13.964  INFO 15920 --- [restartedMain] o.apache.catalina.core.StandardService   : Starting service [Tomcat]
2023-04-24 21:01:13.964  INFO 15920 --- [restartedMain] org.apache.catalina.core.StandardEngine  : Starting Servlet engine: [Apache Tomcat/9.0.69]
2023-04-24 21:01:14.035  INFO 15920 --- [restartedMain] o.a.c.c.C.[Tomcat].[localhost].[/]       : Initializing Spring embedded WebApplicationContext
2023-04-24 21:01:14.035  INFO 15920 --- [restartedMain] w.s.c.ServletWebServerApplicationContext : Root WebApplicationContext: initialization completed in 825 ms
2023-04-24 21:01:14.084  WARN 15920 --- [restartedMain] ConfigServletWebServerApplicationContext : Exception encountered during context initialization - cancelling refresh attempt: org.springframework.beans.factory.UnsatisfiedDependencyException: Error creating bean with name 'questionCache': Unsatisfied dependency expressed through field 'questionExtMapper'; nested exception is org.springframework.beans.factory.NoSuchBeanDefinitionException: No qualifying bean of type 'com.example.mycommunity.mapper.QuestionExtMapper' available: expected at least 1 bean which qualifies as autowire candidate. Dependency annotations: {@org.springframework.beans.factory.annotation.Autowired(required=true)}
2023-04-24 21:01:14.088  INFO 15920 --- [restartedMain] o.apache.catalina.core.StandardService   : Stopping service [Tomcat]
2023-04-24 21:01:14.090  INFO 15920 --- [restartedMain] ConditionEvaluationReportLoggingListener : 

Error starting ApplicationContext. To display the conditions report re-run your application with 'debug' enabled.
2023-04-24 21:01:14.099 ERROR 15920 --- [restartedMain] o.s.b.d.LoggingFailureAnalysisReporter   : 

***************************
APPLICATION FAILED TO START
***************************

Description:

Field questionExtMapper in com.example.mycommunity.cache.QuestionCache required a bean of type 'com.example.mycommunity.mapper.QuestionExtMapper' that could not be found.

The injection point has the following annotations:
	- @org.springframework.beans.factory.annotation.Autowired(required=true)


Action:

Consider defining a bean of type 'com.example.mycommunity.mapper.QuestionExtMapper' in your configuration.

2023-04-24 21:28:53.878  INFO 5248 --- [restartedMain] c.e.mycommunity.MycommunityApplication   : Starting MycommunityApplication using Java 11.0.15.1 on LAPTOP-S8HHMNTR with PID 5248 (D:\javaProject\MyCode\mycommunity\target\classes started by CHENN in D:\javaProject\MyCode\mycommunity)
2023-04-24 21:28:53.881  INFO 5248 --- [restartedMain] c.e.mycommunity.MycommunityApplication   : No active profile set, falling back to 1 default profile: "default"
2023-04-24 21:28:53.911  INFO 5248 --- [restartedMain] .e.DevToolsPropertyDefaultsPostProcessor : Devtools property defaults active! Set 'spring.devtools.add-properties' to 'false' to disable
2023-04-24 21:28:53.912  INFO 5248 --- [restartedMain] .e.DevToolsPropertyDefaultsPostProcessor : For additional web related logging consider setting the 'logging.level.web' property to 'DEBUG'
2023-04-24 21:28:54.322  WARN 5248 --- [restartedMain] o.m.s.mapper.ClassPathMapperScanner      : No MyBatis mapper was found in '[com.example.mycommunity]' package. Please check your configuration.
2023-04-24 21:28:54.692  INFO 5248 --- [restartedMain] o.s.b.w.embedded.tomcat.TomcatWebServer  : Tomcat initialized with port(s): 8887 (http)
2023-04-24 21:28:54.699  INFO 5248 --- [restartedMain] o.apache.catalina.core.StandardService   : Starting service [Tomcat]
2023-04-24 21:28:54.699  INFO 5248 --- [restartedMain] org.apache.catalina.core.StandardEngine  : Starting Servlet engine: [Apache Tomcat/9.0.69]
2023-04-24 21:28:54.759  INFO 5248 --- [restartedMain] o.a.c.c.C.[Tomcat].[localhost].[/]       : Initializing Spring embedded WebApplicationContext
2023-04-24 21:28:54.759  INFO 5248 --- [restartedMain] w.s.c.ServletWebServerApplicationContext : Root WebApplicationContext: initialization completed in 847 ms
2023-04-24 21:28:54.803  WARN 5248 --- [restartedMain] ConfigServletWebServerApplicationContext : Exception encountered during context initialization - cancelling refresh attempt: org.springframework.beans.factory.UnsatisfiedDependencyException: Error creating bean with name 'questionCache': Unsatisfied dependency expressed through field 'questionExtMapper'; nested exception is org.springframework.beans.factory.NoSuchBeanDefinitionException: No qualifying bean of type 'com.example.mycommunity.mapper.QuestionExtMapper' available: expected at least 1 bean which qualifies as autowire candidate. Dependency annotations: {@org.springframework.beans.factory.annotation.Autowired(required=true)}
2023-04-24 21:28:54.805  INFO 5248 --- [restartedMain] o.apache.catalina.core.StandardService   : Stopping service [Tomcat]
2023-04-24 21:28:54.816  INFO 5248 --- [restartedMain] ConditionEvaluationReportLoggingListener : 

Error starting ApplicationContext. To display the conditions report re-run your application with 'debug' enabled.
2023-04-24 21:28:54.833 ERROR 5248 --- [restartedMain] o.s.b.d.LoggingFailureAnalysisReporter   : 

***************************
APPLICATION FAILED TO START
***************************

Description:

Field questionExtMapper in com.example.mycommunity.cache.QuestionCache required a bean of type 'com.example.mycommunity.mapper.QuestionExtMapper' that could not be found.

The injection point has the following annotations:
	- @org.springframework.beans.factory.annotation.Autowired(required=true)


Action:

Consider defining a bean of type 'com.example.mycommunity.mapper.QuestionExtMapper' in your configuration.

2023-04-24 21:29:04.511  INFO 24696 --- [restartedMain] c.e.mycommunity.MycommunityApplication   : Starting MycommunityApplication using Java 11.0.15.1 on LAPTOP-S8HHMNTR with PID 24696 (D:\javaProject\MyCode\mycommunity\target\classes started by CHENN in D:\javaProject\MyCode\mycommunity)
2023-04-24 21:29:04.516  INFO 24696 --- [restartedMain] c.e.mycommunity.MycommunityApplication   : No active profile set, falling back to 1 default profile: "default"
2023-04-24 21:29:04.546  INFO 24696 --- [restartedMain] .e.DevToolsPropertyDefaultsPostProcessor : Devtools property defaults active! Set 'spring.devtools.add-properties' to 'false' to disable
2023-04-24 21:29:04.546  INFO 24696 --- [restartedMain] .e.DevToolsPropertyDefaultsPostProcessor : For additional web related logging consider setting the 'logging.level.web' property to 'DEBUG'
2023-04-24 21:29:04.942  WARN 24696 --- [restartedMain] o.m.s.mapper.ClassPathMapperScanner      : No MyBatis mapper was found in '[com.example.mycommunity]' package. Please check your configuration.
2023-04-24 21:29:05.309  INFO 24696 --- [restartedMain] o.s.b.w.embedded.tomcat.TomcatWebServer  : Tomcat initialized with port(s): 8887 (http)
2023-04-24 21:29:05.316  INFO 24696 --- [restartedMain] o.apache.catalina.core.StandardService   : Starting service [Tomcat]
2023-04-24 21:29:05.317  INFO 24696 --- [restartedMain] org.apache.catalina.core.StandardEngine  : Starting Servlet engine: [Apache Tomcat/9.0.69]
2023-04-24 21:29:05.376  INFO 24696 --- [restartedMain] o.a.c.c.C.[Tomcat].[localhost].[/]       : Initializing Spring embedded WebApplicationContext
2023-04-24 21:29:05.376  INFO 24696 --- [restartedMain] w.s.c.ServletWebServerApplicationContext : Root WebApplicationContext: initialization completed in 829 ms
2023-04-24 21:29:05.422  WARN 24696 --- [restartedMain] ConfigServletWebServerApplicationContext : Exception encountered during context initialization - cancelling refresh attempt: org.springframework.beans.factory.UnsatisfiedDependencyException: Error creating bean with name 'questionCache': Unsatisfied dependency expressed through field 'questionExtMapper'; nested exception is org.springframework.beans.factory.NoSuchBeanDefinitionException: No qualifying bean of type 'com.example.mycommunity.mapper.QuestionExtMapper' available: expected at least 1 bean which qualifies as autowire candidate. Dependency annotations: {@org.springframework.beans.factory.annotation.Autowired(required=true)}
2023-04-24 21:29:05.423  INFO 24696 --- [restartedMain] o.apache.catalina.core.StandardService   : Stopping service [Tomcat]
2023-04-24 21:29:05.433  INFO 24696 --- [restartedMain] ConditionEvaluationReportLoggingListener : 

Error starting ApplicationContext. To display the conditions report re-run your application with 'debug' enabled.
2023-04-24 21:29:05.451 ERROR 24696 --- [restartedMain] o.s.b.d.LoggingFailureAnalysisReporter   : 

***************************
APPLICATION FAILED TO START
***************************

Description:

Field questionExtMapper in com.example.mycommunity.cache.QuestionCache required a bean of type 'com.example.mycommunity.mapper.QuestionExtMapper' that could not be found.

The injection point has the following annotations:
	- @org.springframework.beans.factory.annotation.Autowired(required=true)


Action:

Consider defining a bean of type 'com.example.mycommunity.mapper.QuestionExtMapper' in your configuration.

2023-04-24 21:29:56.906  INFO 21048 --- [restartedMain] c.e.mycommunity.MycommunityApplication   : Starting MycommunityApplication using Java 11.0.15.1 on LAPTOP-S8HHMNTR with PID 21048 (D:\javaProject\MyCode\mycommunity\target\classes started by CHENN in D:\javaProject\MyCode\mycommunity)
2023-04-24 21:29:56.910  INFO 21048 --- [restartedMain] c.e.mycommunity.MycommunityApplication   : No active profile set, falling back to 1 default profile: "default"
2023-04-24 21:29:56.940  INFO 21048 --- [restartedMain] .e.DevToolsPropertyDefaultsPostProcessor : Devtools property defaults active! Set 'spring.devtools.add-properties' to 'false' to disable
2023-04-24 21:29:56.940  INFO 21048 --- [restartedMain] .e.DevToolsPropertyDefaultsPostProcessor : For additional web related logging consider setting the 'logging.level.web' property to 'DEBUG'
2023-04-24 21:29:57.343  WARN 21048 --- [restartedMain] o.m.s.mapper.ClassPathMapperScanner      : No MyBatis mapper was found in '[com.example.mycommunity]' package. Please check your configuration.
2023-04-24 21:29:57.702  INFO 21048 --- [restartedMain] o.s.b.w.embedded.tomcat.TomcatWebServer  : Tomcat initialized with port(s): 8887 (http)
2023-04-24 21:29:57.708  INFO 21048 --- [restartedMain] o.apache.catalina.core.StandardService   : Starting service [Tomcat]
2023-04-24 21:29:57.708  INFO 21048 --- [restartedMain] org.apache.catalina.core.StandardEngine  : Starting Servlet engine: [Apache Tomcat/9.0.69]
2023-04-24 21:29:57.768  INFO 21048 --- [restartedMain] o.a.c.c.C.[Tomcat].[localhost].[/]       : Initializing Spring embedded WebApplicationContext
2023-04-24 21:29:57.768  INFO 21048 --- [restartedMain] w.s.c.ServletWebServerApplicationContext : Root WebApplicationContext: initialization completed in 828 ms
2023-04-24 21:29:57.812  WARN 21048 --- [restartedMain] ConfigServletWebServerApplicationContext : Exception encountered during context initialization - cancelling refresh attempt: org.springframework.beans.factory.UnsatisfiedDependencyException: Error creating bean with name 'questionCache': Unsatisfied dependency expressed through field 'questionExtMapper'; nested exception is org.springframework.beans.factory.NoSuchBeanDefinitionException: No qualifying bean of type 'com.example.mycommunity.mapper.QuestionExtMapper' available: expected at least 1 bean which qualifies as autowire candidate. Dependency annotations: {@org.springframework.beans.factory.annotation.Autowired(required=true)}
2023-04-24 21:29:57.814  INFO 21048 --- [restartedMain] o.apache.catalina.core.StandardService   : Stopping service [Tomcat]
2023-04-24 21:29:57.824  INFO 21048 --- [restartedMain] ConditionEvaluationReportLoggingListener : 

Error starting ApplicationContext. To display the conditions report re-run your application with 'debug' enabled.
2023-04-24 21:29:57.841 ERROR 21048 --- [restartedMain] o.s.b.d.LoggingFailureAnalysisReporter   : 

***************************
APPLICATION FAILED TO START
***************************

Description:

Field questionExtMapper in com.example.mycommunity.cache.QuestionCache required a bean of type 'com.example.mycommunity.mapper.QuestionExtMapper' that could not be found.

The injection point has the following annotations:
	- @org.springframework.beans.factory.annotation.Autowired(required=true)


Action:

Consider defining a bean of type 'com.example.mycommunity.mapper.QuestionExtMapper' in your configuration.

2023-04-24 21:30:11.082  INFO 11600 --- [restartedMain] c.e.mycommunity.MycommunityApplication   : Starting MycommunityApplication using Java 11.0.15.1 on LAPTOP-S8HHMNTR with PID 11600 (D:\javaProject\MyCode\mycommunity\target\classes started by CHENN in D:\javaProject\MyCode\mycommunity)
2023-04-24 21:30:11.083  INFO 11600 --- [restartedMain] c.e.mycommunity.MycommunityApplication   : No active profile set, falling back to 1 default profile: "default"
2023-04-24 21:30:11.115  INFO 11600 --- [restartedMain] .e.DevToolsPropertyDefaultsPostProcessor : Devtools property defaults active! Set 'spring.devtools.add-properties' to 'false' to disable
2023-04-24 21:30:11.116  INFO 11600 --- [restartedMain] .e.DevToolsPropertyDefaultsPostProcessor : For additional web related logging consider setting the 'logging.level.web' property to 'DEBUG'
2023-04-24 21:30:11.513  WARN 11600 --- [restartedMain] o.m.s.mapper.ClassPathMapperScanner      : No MyBatis mapper was found in '[com.example.mycommunity]' package. Please check your configuration.
2023-04-24 21:30:11.872  INFO 11600 --- [restartedMain] o.s.b.w.embedded.tomcat.TomcatWebServer  : Tomcat initialized with port(s): 8887 (http)
2023-04-24 21:30:11.879  INFO 11600 --- [restartedMain] o.apache.catalina.core.StandardService   : Starting service [Tomcat]
2023-04-24 21:30:11.879  INFO 11600 --- [restartedMain] org.apache.catalina.core.StandardEngine  : Starting Servlet engine: [Apache Tomcat/9.0.69]
2023-04-24 21:30:11.940  INFO 11600 --- [restartedMain] o.a.c.c.C.[Tomcat].[localhost].[/]       : Initializing Spring embedded WebApplicationContext
2023-04-24 21:30:11.940  INFO 11600 --- [restartedMain] w.s.c.ServletWebServerApplicationContext : Root WebApplicationContext: initialization completed in 824 ms
2023-04-24 21:30:11.988  WARN 11600 --- [restartedMain] ConfigServletWebServerApplicationContext : Exception encountered during context initialization - cancelling refresh attempt: org.springframework.beans.factory.UnsatisfiedDependencyException: Error creating bean with name 'questionCache': Unsatisfied dependency expressed through field 'questionExtMapper'; nested exception is org.springframework.beans.factory.NoSuchBeanDefinitionException: No qualifying bean of type 'com.example.mycommunity.mapper.QuestionExtMapper' available: expected at least 1 bean which qualifies as autowire candidate. Dependency annotations: {@org.springframework.beans.factory.annotation.Autowired(required=true)}
2023-04-24 21:30:11.990  INFO 11600 --- [restartedMain] o.apache.catalina.core.StandardService   : Stopping service [Tomcat]
2023-04-24 21:30:11.999  INFO 11600 --- [restartedMain] ConditionEvaluationReportLoggingListener : 

Error starting ApplicationContext. To display the conditions report re-run your application with 'debug' enabled.
2023-04-24 21:30:12.017 ERROR 11600 --- [restartedMain] o.s.b.d.LoggingFailureAnalysisReporter   : 

***************************
APPLICATION FAILED TO START
***************************

Description:

Field questionExtMapper in com.example.mycommunity.cache.QuestionCache required a bean of type 'com.example.mycommunity.mapper.QuestionExtMapper' that could not be found.

The injection point has the following annotations:
	- @org.springframework.beans.factory.annotation.Autowired(required=true)


Action:

Consider defining a bean of type 'com.example.mycommunity.mapper.QuestionExtMapper' in your configuration.

